<?xml version="1.0" encoding="UTF-8"?>
<!-- Generated by org.testng.reporters.JUnitXMLReporter -->
<testsuite ignored="0" hostname="varsha" failures="0" tests="3" name="Test" time="85.713" errors="0" timestamp="2023-10-14T14:59:21 IST">
  <testcase classname="testcases.Homepage" name="handleHomePage" time="16.859"/>
  <testcase classname="testcases.CellPhoneAndAccessories" name="cellPhoneAndAcceHandle" time="20.563"/>
  <testcase classname="testcases.VerifySelectedProduct" name="verifyProduct" time="47.601"/>
</testsuite> <!-- Test -->
