<?xml version="1.0" encoding="UTF-8"?>
<!-- Generated by org.testng.reporters.JUnitXMLReporter -->
<testsuite ignored="0" hostname="varsha" failures="0" tests="3" name="Test" time="75.779" errors="0" timestamp="2023-10-12T14:15:25 IST">
  <testcase classname="testcases.Homepage" name="handleHomePage" time="15.772"/>
  <testcase classname="testcases.CellPhoneAndAccessories" name="cellPhoneAndAcceHandle" time="21.586"/>
  <testcase classname="testcases.VerifySelectedProduct" name="verifyProduct" time="37.819"/>
</testsuite> <!-- Test -->
