<?xml version="1.0" encoding="UTF-8"?>
<testng-results ignored="0" total="1" passed="1" failed="0" skipped="0">
  <reporter-output>
  </reporter-output>
  <suite started-at="2023-10-20T23:33:40 IST" name="Default suite" finished-at="2023-10-20T23:36:17 IST" duration-ms="156499">
    <groups>
    </groups>
    <test started-at="2023-10-20T23:33:40 IST" name="Default test" finished-at="2023-10-20T23:36:17 IST" duration-ms="156499">
      <class name="testcases.VerifyDetailedProduct">
        <test-method signature="verifyProduct()[pri:0, instance:testcases.VerifyDetailedProduct@55141def]" started-at="2023-10-20T23:33:40 IST" name="verifyProduct" finished-at="2023-10-20T23:36:17 IST" duration-ms="156242" status="PASS">
          <reporter-output>
          </reporter-output>
        </test-method> <!-- verifyProduct -->
        <test-method is-config="true" signature="closeBrowser()[pri:0, instance:testcases.VerifyDetailedProduct@55141def]" started-at="2023-10-20T23:36:17 IST" name="closeBrowser" finished-at="2023-10-20T23:36:17 IST" duration-ms="195" status="PASS">
          <reporter-output>
          </reporter-output>
        </test-method> <!-- closeBrowser -->
      </class> <!-- testcases.VerifyDetailedProduct -->
    </test> <!-- Default test -->
  </suite> <!-- Default suite -->
</testng-results>
