<?xml version="1.0" encoding="UTF-8"?>
<testng-results ignored="0" total="1" passed="1" failed="0" skipped="0">
  <reporter-output>
  </reporter-output>
  <suite started-at="2023-10-14T14:47:07 IST" name="Default suite" finished-at="2023-10-14T14:47:28 IST" duration-ms="20750">
    <groups>
    </groups>
    <test started-at="2023-10-14T14:47:07 IST" name="Default test" finished-at="2023-10-14T14:47:28 IST" duration-ms="20750">
      <class name="testcases.CellPhoneAndAccessories">
        <test-method signature="cellPhoneAndAcceHandle()[pri:0, instance:testcases.CellPhoneAndAccessories@55141def]" started-at="2023-10-14T14:47:07 IST" name="cellPhoneAndAcceHandle" finished-at="2023-10-14T14:47:28 IST" duration-ms="20440" status="PASS">
          <reporter-output>
          </reporter-output>
        </test-method> <!-- cellPhoneAndAcceHandle -->
        <test-method is-config="true" signature="closeBrowser()[pri:0, instance:testcases.CellPhoneAndAccessories@55141def]" started-at="2023-10-14T14:47:28 IST" name="closeBrowser" finished-at="2023-10-14T14:47:28 IST" duration-ms="264" status="PASS">
          <reporter-output>
          </reporter-output>
        </test-method> <!-- closeBrowser -->
      </class> <!-- testcases.CellPhoneAndAccessories -->
    </test> <!-- Default test -->
  </suite> <!-- Default suite -->
</testng-results>
